This file contains any messages produced by compilers while
running configure, to aid debugging if configure makes a mistake.

It was created by configure, which was
generated by GNU Autoconf 2.61.  Invocation command line was

  $ ./configure 

## --------- ##
## Platform. ##
## --------- ##

hostname = sevcsik-laptop
uname -m = x86_64
uname -r = 2.6.24-17-generic
uname -s = Linux
uname -v = #1 SMP Thu May 1 13:57:17 UTC 2008

/usr/bin/uname -p = unknown
/bin/uname -X     = unknown

/bin/arch              = unknown
/usr/bin/arch -k       = unknown
/usr/convex/getsysinfo = unknown
/usr/bin/hostinfo      = unknown
/bin/machine           = unknown
/usr/bin/oslevel       = unknown
/bin/universe          = unknown

PATH: /usr/local/sbin
PATH: /usr/local/bin
PATH: /usr/sbin
PATH: /usr/bin
PATH: /sbin
PATH: /bin
PATH: /usr/games


## ----------- ##
## Core tests. ##
## ----------- ##

configure:1960: checking for a BSD-compatible install
configure:2016: result: /usr/bin/install -c
configure:2027: checking whether build environment is sane
configure:2070: result: yes
configure:2098: checking for a thread-safe mkdir -p
configure:2137: result: /bin/mkdir -p
configure:2150: checking for gawk
configure:2180: result: no
configure:2150: checking for mawk
configure:2166: found /usr/bin/mawk
configure:2177: result: mawk
configure:2188: checking whether make sets $(MAKE)
configure:2209: result: yes
configure:2412: checking for style of include used by make
configure:2440: result: GNU
configure:2510: checking for gcc
configure:2526: found /usr/bin/gcc
configure:2537: result: gcc
configure:2775: checking for C compiler version
configure:2782: gcc --version >&5
gcc (GCC) 4.2.3 (Ubuntu 4.2.3-2ubuntu7)
Copyright (C) 2007 Free Software Foundation, Inc.
This is free software; see the source for copying conditions.  There is NO
warranty; not even for MERCHANTABILITY or FITNESS FOR A PARTICULAR PURPOSE.

configure:2785: $? = 0
configure:2792: gcc -v >&5
Using built-in specs.
Target: x86_64-linux-gnu
Configured with: ../src/configure -v --enable-languages=c,c++,fortran,objc,obj-c++,treelang --prefix=/usr --enable-shared --with-system-zlib --libexecdir=/usr/lib --without-included-gettext --enable-threads=posix --enable-nls --with-gxx-include-dir=/usr/include/c++/4.2 --program-suffix=-4.2 --enable-clocale=gnu --enable-libstdcxx-debug --enable-objc-gc --enable-mpfr --enable-checking=release --build=x86_64-linux-gnu --host=x86_64-linux-gnu --target=x86_64-linux-gnu
Thread model: posix
gcc version 4.2.3 (Ubuntu 4.2.3-2ubuntu7)
configure:2795: $? = 0
configure:2802: gcc -V >&5
gcc: '-V' option must have argument
configure:2805: $? = 1
configure:2828: checking for C compiler default output file name
configure:2855: gcc    conftest.c  >&5
configure:2858: $? = 0
configure:2896: result: a.out
configure:2913: checking whether the C compiler works
configure:2923: ./a.out
configure:2926: $? = 0
configure:2943: result: yes
configure:2950: checking whether we are cross compiling
configure:2952: result: no
configure:2955: checking for suffix of executables
configure:2962: gcc -o conftest    conftest.c  >&5
configure:2965: $? = 0
configure:2989: result: 
configure:2995: checking for suffix of object files
configure:3021: gcc -c   conftest.c >&5
configure:3024: $? = 0
configure:3047: result: o
configure:3051: checking whether we are using the GNU C compiler
configure:3080: gcc -c   conftest.c >&5
configure:3086: $? = 0
configure:3103: result: yes
configure:3108: checking whether gcc accepts -g
configure:3138: gcc -c -g  conftest.c >&5
configure:3144: $? = 0
configure:3243: result: yes
configure:3260: checking for gcc option to accept ISO C89
configure:3334: gcc  -c -g -O2  conftest.c >&5
configure:3340: $? = 0
configure:3363: result: none needed
configure:3383: checking dependency style of gcc
configure:3474: result: gcc3
configure:3495: checking how to run the C preprocessor
configure:3535: gcc -E  conftest.c
configure:3541: $? = 0
configure:3572: gcc -E  conftest.c
conftest.c:10:28: error: ac_nonexistent.h: No such file or directory
configure:3578: $? = 1
configure: failed program was:
| /* confdefs.h.  */
| #define PACKAGE_NAME ""
| #define PACKAGE_TARNAME ""
| #define PACKAGE_VERSION ""
| #define PACKAGE_STRING ""
| #define PACKAGE_BUGREPORT ""
| #define PACKAGE "eyesight"
| #define VERSION "0.0.1.001"
| /* end confdefs.h.  */
| #include <ac_nonexistent.h>
configure:3611: result: gcc -E
configure:3640: gcc -E  conftest.c
configure:3646: $? = 0
configure:3677: gcc -E  conftest.c
conftest.c:10:28: error: ac_nonexistent.h: No such file or directory
configure:3683: $? = 1
configure: failed program was:
| /* confdefs.h.  */
| #define PACKAGE_NAME ""
| #define PACKAGE_TARNAME ""
| #define PACKAGE_VERSION ""
| #define PACKAGE_STRING ""
| #define PACKAGE_BUGREPORT ""
| #define PACKAGE "eyesight"
| #define VERSION "0.0.1.001"
| /* end confdefs.h.  */
| #include <ac_nonexistent.h>
configure:3721: checking for grep that handles long lines and -e
configure:3795: result: /bin/grep
configure:3800: checking for egrep
configure:3878: result: /bin/grep -E
configure:3883: checking for ANSI C header files
configure:3913: gcc -c -g -O2  conftest.c >&5
configure:3919: $? = 0
configure:4018: gcc -o conftest -g -O2   conftest.c  >&5
configure:4021: $? = 0
configure:4027: ./conftest
configure:4030: $? = 0
configure:4047: result: yes
configure:4071: checking for sys/types.h
configure:4092: gcc -c -g -O2  conftest.c >&5
configure:4098: $? = 0
configure:4114: result: yes
configure:4071: checking for sys/stat.h
configure:4092: gcc -c -g -O2  conftest.c >&5
configure:4098: $? = 0
configure:4114: result: yes
configure:4071: checking for stdlib.h
configure:4092: gcc -c -g -O2  conftest.c >&5
configure:4098: $? = 0
configure:4114: result: yes
configure:4071: checking for string.h
configure:4092: gcc -c -g -O2  conftest.c >&5
configure:4098: $? = 0
configure:4114: result: yes
configure:4071: checking for memory.h
configure:4092: gcc -c -g -O2  conftest.c >&5
configure:4098: $? = 0
configure:4114: result: yes
configure:4071: checking for strings.h
configure:4092: gcc -c -g -O2  conftest.c >&5
configure:4098: $? = 0
configure:4114: result: yes
configure:4071: checking for inttypes.h
configure:4092: gcc -c -g -O2  conftest.c >&5
configure:4098: $? = 0
configure:4114: result: yes
configure:4071: checking for stdint.h
configure:4092: gcc -c -g -O2  conftest.c >&5
configure:4098: $? = 0
configure:4114: result: yes
configure:4071: checking for unistd.h
configure:4092: gcc -c -g -O2  conftest.c >&5
configure:4098: $? = 0
configure:4114: result: yes
configure:4126: checking whether byte ordering is bigendian
configure:4159: gcc -c -g -O2  conftest.c >&5
configure:4165: $? = 0
configure:4197: gcc -c -g -O2  conftest.c >&5
conftest.c: In function 'main':
conftest.c:27: error: 'not' undeclared (first use in this function)
conftest.c:27: error: (Each undeclared identifier is reported only once
conftest.c:27: error: for each function it appears in.)
conftest.c:27: error: expected ';' before 'big'
configure:4203: $? = 1
configure: failed program was:
| /* confdefs.h.  */
| #define PACKAGE_NAME ""
| #define PACKAGE_TARNAME ""
| #define PACKAGE_VERSION ""
| #define PACKAGE_STRING ""
| #define PACKAGE_BUGREPORT ""
| #define PACKAGE "eyesight"
| #define VERSION "0.0.1.001"
| #define STDC_HEADERS 1
| #define HAVE_SYS_TYPES_H 1
| #define HAVE_SYS_STAT_H 1
| #define HAVE_STDLIB_H 1
| #define HAVE_STRING_H 1
| #define HAVE_MEMORY_H 1
| #define HAVE_STRINGS_H 1
| #define HAVE_INTTYPES_H 1
| #define HAVE_STDINT_H 1
| #define HAVE_UNISTD_H 1
| /* end confdefs.h.  */
| #include <sys/types.h>
| #include <sys/param.h>
| 
| int
| main ()
| {
| #if BYTE_ORDER != BIG_ENDIAN
|  not big endian
| #endif
| 
|   ;
|   return 0;
| }
configure:4343: result: no
configure:4362: checking for library containing strerror
configure:4403: gcc -o conftest -g -O2   conftest.c  >&5
configure:4409: $? = 0
configure:4437: result: none required
configure:4493: checking for gcc
configure:4520: result: gcc
configure:4758: checking for C compiler version
configure:4765: gcc --version >&5
gcc (GCC) 4.2.3 (Ubuntu 4.2.3-2ubuntu7)
Copyright (C) 2007 Free Software Foundation, Inc.
This is free software; see the source for copying conditions.  There is NO
warranty; not even for MERCHANTABILITY or FITNESS FOR A PARTICULAR PURPOSE.

configure:4768: $? = 0
configure:4775: gcc -v >&5
Using built-in specs.
Target: x86_64-linux-gnu
Configured with: ../src/configure -v --enable-languages=c,c++,fortran,objc,obj-c++,treelang --prefix=/usr --enable-shared --with-system-zlib --libexecdir=/usr/lib --without-included-gettext --enable-threads=posix --enable-nls --with-gxx-include-dir=/usr/include/c++/4.2 --program-suffix=-4.2 --enable-clocale=gnu --enable-libstdcxx-debug --enable-objc-gc --enable-mpfr --enable-checking=release --build=x86_64-linux-gnu --host=x86_64-linux-gnu --target=x86_64-linux-gnu
Thread model: posix
gcc version 4.2.3 (Ubuntu 4.2.3-2ubuntu7)
configure:4778: $? = 0
configure:4785: gcc -V >&5
gcc: '-V' option must have argument
configure:4788: $? = 1
configure:4791: checking whether we are using the GNU C compiler
configure:4843: result: yes
configure:4848: checking whether gcc accepts -g
configure:4983: result: yes
configure:5000: checking for gcc option to accept ISO C89
configure:5103: result: none needed
configure:5123: checking dependency style of gcc
configure:5214: result: gcc3
configure:5277: checking for gcc
configure:5304: result: gcc
configure:5542: checking for C compiler version
configure:5549: gcc --version >&5
gcc (GCC) 4.2.3 (Ubuntu 4.2.3-2ubuntu7)
Copyright (C) 2007 Free Software Foundation, Inc.
This is free software; see the source for copying conditions.  There is NO
warranty; not even for MERCHANTABILITY or FITNESS FOR A PARTICULAR PURPOSE.

configure:5552: $? = 0
configure:5559: gcc -v >&5
Using built-in specs.
Target: x86_64-linux-gnu
Configured with: ../src/configure -v --enable-languages=c,c++,fortran,objc,obj-c++,treelang --prefix=/usr --enable-shared --with-system-zlib --libexecdir=/usr/lib --without-included-gettext --enable-threads=posix --enable-nls --with-gxx-include-dir=/usr/include/c++/4.2 --program-suffix=-4.2 --enable-clocale=gnu --enable-libstdcxx-debug --enable-objc-gc --enable-mpfr --enable-checking=release --build=x86_64-linux-gnu --host=x86_64-linux-gnu --target=x86_64-linux-gnu
Thread model: posix
gcc version 4.2.3 (Ubuntu 4.2.3-2ubuntu7)
configure:5562: $? = 0
configure:5569: gcc -V >&5
gcc: '-V' option must have argument
configure:5572: $? = 1
configure:5575: checking whether we are using the GNU C compiler
configure:5627: result: yes
configure:5632: checking whether gcc accepts -g
configure:5767: result: yes
configure:5784: checking for gcc option to accept ISO C89
configure:5887: result: none needed
configure:5907: checking dependency style of gcc
configure:5998: result: gcc3
configure:6016: checking for ANSI C header files
configure:6180: result: yes
configure:6190: checking for an ANSI C-conforming const
configure:6265: gcc -c -g -O2  conftest.c >&5
configure:6271: $? = 0
configure:6286: result: yes
configure:6375: checking build system type
configure:6393: result: x86_64-unknown-linux-gnu
configure:6415: checking host system type
configure:6430: result: x86_64-unknown-linux-gnu
configure:6452: checking for a sed that does not truncate output
configure:6508: result: /bin/sed
configure:6522: checking for ld used by gcc
configure:6589: result: /usr/bin/ld
configure:6598: checking if the linker (/usr/bin/ld) is GNU ld
configure:6613: result: yes
configure:6618: checking for /usr/bin/ld option to reload object files
configure:6625: result: -r
configure:6643: checking for BSD-compatible nm
configure:6692: result: /usr/bin/nm -B
configure:6696: checking whether ln -s works
configure:6700: result: yes
configure:6707: checking how to recognize dependent libraries
configure:6893: result: pass_all
configure:6981: gcc -c -g -O2  conftest.c >&5
configure:6984: $? = 0
configure:7147: checking dlfcn.h usability
configure:7164: gcc -c -g -O2  conftest.c >&5
configure:7170: $? = 0
configure:7184: result: yes
configure:7188: checking dlfcn.h presence
configure:7203: gcc -E  conftest.c
configure:7209: $? = 0
configure:7223: result: yes
configure:7251: checking for dlfcn.h
configure:7259: result: yes
configure:7275: checking the maximum length of command line arguments
configure:7387: result: 98304
configure:7399: checking command to parse /usr/bin/nm -B output from gcc object
configure:7504: gcc -c -g -O2  conftest.c >&5
configure:7507: $? = 0
configure:7511: /usr/bin/nm -B conftest.o \| sed -n -e 's/^.*[ 	]\([ABCDGIRSTW][ABCDGIRSTW]*\)[ 	][ 	]*\([_A-Za-z][_A-Za-z0-9]*\)$/\1 \2 \2/p' \> conftest.nm
configure:7514: $? = 0
configure:7566: gcc -o conftest -g -O2   conftest.c conftstm.o >&5
configure:7569: $? = 0
configure:7607: result: ok
configure:7611: checking for objdir
configure:7626: result: .libs
configure:7718: checking for ar
configure:7734: found /usr/bin/ar
configure:7745: result: ar
configure:7814: checking for ranlib
configure:7830: found /usr/bin/ranlib
configure:7841: result: ranlib
configure:7910: checking for strip
configure:7926: found /usr/bin/strip
configure:7937: result: strip
configure:8535: checking if gcc supports -fno-rtti -fno-exceptions
configure:8553: gcc -c -g -O2  -fno-rtti -fno-exceptions conftest.c >&5
cc1: warning: command line option "-fno-rtti" is valid for C++/ObjC++ but not for C
configure:8557: $? = 0
configure:8570: result: no
configure:8585: checking for gcc option to produce PIC
configure:8817: result: -fPIC
configure:8825: checking if gcc PIC flag -fPIC works
configure:8843: gcc -c -g -O2  -fPIC -DPIC conftest.c >&5
configure:8847: $? = 0
configure:8860: result: yes
configure:8888: checking if gcc static flag -static works
configure:8916: result: yes
configure:8926: checking if gcc supports -c -o file.o
configure:8947: gcc -c -g -O2  -o out/conftest2.o conftest.c >&5
configure:8951: $? = 0
configure:8973: result: yes
configure:8999: checking whether the gcc linker (/usr/bin/ld -m elf_x86_64) supports shared libraries
configure:9980: result: yes
configure:10001: checking whether -lc should be explicitly linked in
configure:10006: gcc -c -g -O2  conftest.c >&5
configure:10009: $? = 0
configure:10024: gcc -shared conftest.o  -v -Wl,-soname -Wl,conftest -o conftest 2\>\&1 \| grep  -lc  \>/dev/null 2\>\&1
configure:10027: $? = 0
configure:10039: result: no
configure:10047: checking dynamic linker characteristics
configure:10661: result: GNU/Linux ld.so
configure:10685: checking how to hardcode library paths into programs
configure:10710: result: immediate
configure:10724: checking whether stripping libraries is possible
configure:10729: result: yes
configure:11531: checking if libtool supports shared libraries
configure:11533: result: yes
configure:11536: checking whether to build shared libraries
configure:11557: result: yes
configure:11560: checking whether to build static libraries
configure:11564: result: yes
configure:11658: creating libtool
configure:15298: checking for dlopen in -ldl
configure:15333: gcc -o conftest -g -O2   conftest.c -ldl   >&5
configure:15339: $? = 0
configure:15357: result: yes
configure:15413: checking for pkg-config
configure:15431: found /usr/bin/pkg-config
configure:15443: result: /usr/bin/pkg-config
configure:15472: checking pkg-config is at least version 0.9.0
configure:15475: result: yes
configure:15486: checking for EYESIGHT
configure:15497: $PKG_CONFIG --exists --print-errors "evas
		  ecore
        ecore-evas
		  edje"
configure:15503: $? = 0
configure:15524: $PKG_CONFIG --exists --print-errors "evas
		  ecore
        ecore-evas
		  edje"
configure:15530: $? = 0
configure:15621: result: yes
configure:15627: checking for EPDF
configure:15635: $PKG_CONFIG --exists --print-errors "epdf"
configure:15638: $? = 0
configure:15653: $PKG_CONFIG --exists --print-errors "epdf"
configure:15656: $? = 0
configure:15732: result: yes
configure:15867: creating ./config.status

## ---------------------- ##
## Running config.status. ##
## ---------------------- ##

This file was extended by config.status, which was
generated by GNU Autoconf 2.61.  Invocation command line was

  CONFIG_FILES    = 
  CONFIG_HEADERS  = 
  CONFIG_LINKS    = 
  CONFIG_COMMANDS = 
  $ ./config.status 

on sevcsik-laptop

config.status:667: creating Makefile
config.status:667: creating src/Makefile
config.status:667: creating src/bin/Makefile
config.status:667: creating src/plugins/Makefile
config.status:667: creating src/plugins/pdf/Makefile
config.status:667: creating data/Makefile
config.status:667: creating data/themes/Makefile
config.status:667: creating data/themes/docker/Makefile
config.status:667: creating data/other/Makefile
config.status:667: creating config.h
config.status:895: config.h is unchanged
config.status:942: executing depfiles commands

## ---------------- ##
## Cache variables. ##
## ---------------- ##

ac_cv_build=x86_64-unknown-linux-gnu
ac_cv_c_bigendian=no
ac_cv_c_compiler_gnu=yes
ac_cv_c_const=yes
ac_cv_env_CC_set=
ac_cv_env_CC_value=
ac_cv_env_CFLAGS_set=
ac_cv_env_CFLAGS_value=
ac_cv_env_CPPFLAGS_set=
ac_cv_env_CPPFLAGS_value=
ac_cv_env_CPP_set=
ac_cv_env_CPP_value=
ac_cv_env_EPDF_CFLAGS_set=
ac_cv_env_EPDF_CFLAGS_value=
ac_cv_env_EPDF_LIBS_set=
ac_cv_env_EPDF_LIBS_value=
ac_cv_env_EYESIGHT_CFLAGS_set=
ac_cv_env_EYESIGHT_CFLAGS_value=
ac_cv_env_EYESIGHT_LIBS_set=
ac_cv_env_EYESIGHT_LIBS_value=
ac_cv_env_LDFLAGS_set=
ac_cv_env_LDFLAGS_value=
ac_cv_env_LIBS_set=
ac_cv_env_LIBS_value=
ac_cv_env_PKG_CONFIG_set=
ac_cv_env_PKG_CONFIG_value=
ac_cv_env_build_alias_set=
ac_cv_env_build_alias_value=
ac_cv_env_host_alias_set=
ac_cv_env_host_alias_value=
ac_cv_env_target_alias_set=
ac_cv_env_target_alias_value=
ac_cv_header_dlfcn_h=yes
ac_cv_header_inttypes_h=yes
ac_cv_header_memory_h=yes
ac_cv_header_stdc=yes
ac_cv_header_stdint_h=yes
ac_cv_header_stdlib_h=yes
ac_cv_header_string_h=yes
ac_cv_header_strings_h=yes
ac_cv_header_sys_stat_h=yes
ac_cv_header_sys_types_h=yes
ac_cv_header_unistd_h=yes
ac_cv_host=x86_64-unknown-linux-gnu
ac_cv_lib_dl_dlopen=yes
ac_cv_objext=o
ac_cv_path_EGREP='/bin/grep -E'
ac_cv_path_GREP=/bin/grep
ac_cv_path_ac_pt_PKG_CONFIG=/usr/bin/pkg-config
ac_cv_path_install='/usr/bin/install -c'
ac_cv_path_mkdir=/bin/mkdir
ac_cv_prog_AWK=mawk
ac_cv_prog_CPP='gcc -E'
ac_cv_prog_ac_ct_AR=ar
ac_cv_prog_ac_ct_CC=gcc
ac_cv_prog_ac_ct_RANLIB=ranlib
ac_cv_prog_ac_ct_STRIP=strip
ac_cv_prog_cc_c89=
ac_cv_prog_cc_g=yes
ac_cv_prog_make_make_set=yes
ac_cv_search_strerror='none required'
am_cv_CC_dependencies_compiler_type=gcc3
am_cv_prog_cc_stdc=
lt_cv_deplibs_check_method=pass_all
lt_cv_file_magic_cmd='$MAGIC_CMD'
lt_cv_file_magic_test_file=
lt_cv_ld_reload_flag=-r
lt_cv_objdir=.libs
lt_cv_path_LD=/usr/bin/ld
lt_cv_path_NM='/usr/bin/nm -B'
lt_cv_path_SED=/bin/sed
lt_cv_prog_compiler_c_o=yes
lt_cv_prog_compiler_pic_works=yes
lt_cv_prog_compiler_rtti_exceptions=no
lt_cv_prog_compiler_static_works=yes
lt_cv_prog_gnu_ld=yes
lt_cv_sys_global_symbol_pipe='sed -n -e '\''s/^.*[ 	]\([ABCDGIRSTW][ABCDGIRSTW]*\)[ 	][ 	]*\([_A-Za-z][_A-Za-z0-9]*\)$/\1 \2 \2/p'\'''
lt_cv_sys_global_symbol_to_c_name_address='sed -n -e '\''s/^: \([^ ]*\) $/  {\"\1\", (lt_ptr) 0},/p'\'' -e '\''s/^[BCDEGRST] \([^ ]*\) \([^ ]*\)$/  {"\2", (lt_ptr) \&\2},/p'\'''
lt_cv_sys_global_symbol_to_cdecl='sed -n -e '\''s/^. .* \(.*\)$/extern int \1;/p'\'''
lt_cv_sys_lib_dlsearch_path_spec='/lib /usr/lib /usr/local//lib /usr/lib/kde4/lib /usr/local/lib /lib/x86_64-linux-gnu /usr/lib/x86_64-linux-gnu '
lt_cv_sys_lib_search_path_spec='/usr/lib/gcc/x86_64-linux-gnu/4.2.3 /usr/lib /lib'
lt_cv_sys_max_cmd_len=98304
lt_lt_cv_prog_compiler_c_o='"yes"'
lt_lt_cv_sys_global_symbol_pipe='"sed -n -e '\''s/^.*[ 	]\\([ABCDGIRSTW][ABCDGIRSTW]*\\)[ 	][ 	]*\\([_A-Za-z][_A-Za-z0-9]*\\)\$/\\1 \\2 \\2/p'\''"'
lt_lt_cv_sys_global_symbol_to_c_name_address='"sed -n -e '\''s/^: \\([^ ]*\\) \$/  {\\\"\\1\\\", (lt_ptr) 0},/p'\'' -e '\''s/^[BCDEGRST] \\([^ ]*\\) \\([^ ]*\\)\$/  {\"\\2\", (lt_ptr) \\&\\2},/p'\''"'
lt_lt_cv_sys_global_symbol_to_cdecl='"sed -n -e '\''s/^. .* \\(.*\\)\$/extern int \\1;/p'\''"'
pkg_cv_EPDF_CFLAGS='-I/usr/local/include/epdf -I/usr/local/include -I/usr/local/include/ewl -I/usr/local/include/etk -I/usr/local/include/efreet -I/usr/include/poppler  '
pkg_cv_EPDF_LIBS='-L/usr/local/lib -lepdf -lpoppler -lewl -letk -lImlib2 -lefreet -lemotion -lepsilon -lecore_file -lecore_evas -lecore_imf_evas -ledje -lssl -lcrypto -lcurl -lgssapi_krb5 -lecore_x -lecore_imf -lecore -levas  '
pkg_cv_EYESIGHT_CFLAGS='-I/usr/local/include  '
pkg_cv_EYESIGHT_LIBS='-L/usr/local/lib -lecore_evas -lecore -lecore_x -ledje -levas  '

## ----------------- ##
## Output variables. ##
## ----------------- ##

ACLOCAL='${SHELL} /home/sevcsik/Munka/eyesight/missing --run aclocal-1.10'
AMDEPBACKSLASH='\'
AMDEP_FALSE='#'
AMDEP_TRUE=''
AMTAR='${SHELL} /home/sevcsik/Munka/eyesight/missing --run tar'
AR='ar'
AUTOCONF='${SHELL} /home/sevcsik/Munka/eyesight/missing --run autoconf'
AUTOHEADER='${SHELL} /home/sevcsik/Munka/eyesight/missing --run autoheader'
AUTOMAKE='${SHELL} /home/sevcsik/Munka/eyesight/missing --run automake-1.10'
AWK='mawk'
CC='gcc'
CCDEPMODE='depmode=gcc3'
CFLAGS='-g -O2'
CPP='gcc -E'
CPPFLAGS=''
CYGPATH_W='echo'
DEFS='-DHAVE_CONFIG_H'
DEPDIR='.deps'
DSYMUTIL=''
ECHO='echo'
ECHO_C=''
ECHO_N='-n'
ECHO_T=''
EGREP='/bin/grep -E'
EPDF_CFLAGS='-I/usr/local/include/epdf -I/usr/local/include -I/usr/local/include/ewl -I/usr/local/include/etk -I/usr/local/include/efreet -I/usr/include/poppler  '
EPDF_LIBS='-L/usr/local/lib -lepdf -lpoppler -lewl -letk -lImlib2 -lefreet -lemotion -lepsilon -lecore_file -lecore_evas -lecore_imf_evas -ledje -lssl -lcrypto -lcurl -lgssapi_krb5 -lecore_x -lecore_imf -lecore -levas  '
EXEEXT=''
EYESIGHT_CFLAGS='-I/usr/local/include  '
EYESIGHT_LIBS='-L/usr/local/lib -lecore_evas -lecore -lecore_x -ledje -levas  '
GREP='/bin/grep'
INSTALL_DATA='${INSTALL} -m 644'
INSTALL_PROGRAM='${INSTALL}'
INSTALL_SCRIPT='${INSTALL}'
INSTALL_STRIP_PROGRAM='$(install_sh) -c -s'
LDFLAGS=''
LIBOBJS=''
LIBS=''
LIBTOOL='$(SHELL) $(top_builddir)/libtool'
LN_S='ln -s'
LTLIBOBJS=''
MAKEINFO='${SHELL} /home/sevcsik/Munka/eyesight/missing --run makeinfo'
NMEDIT=''
OBJEXT='o'
PACKAGE='eyesight'
PACKAGE_BUGREPORT=''
PACKAGE_NAME=''
PACKAGE_STRING=''
PACKAGE_TARNAME=''
PACKAGE_VERSION=''
PATH_SEPARATOR=':'
PKG_CONFIG='/usr/bin/pkg-config'
RANLIB='ranlib'
SED='/bin/sed'
SET_MAKE=''
SHELL='/bin/bash'
STRIP='strip'
VERSION='0.0.1.001'
ac_ct_CC='gcc'
am__fastdepCC_FALSE='#'
am__fastdepCC_TRUE=''
am__include='include'
am__isrc=''
am__leading_dot='.'
am__quote=''
am__tar='${AMTAR} chof - "$$tardir"'
am__untar='${AMTAR} xf -'
bindir='${exec_prefix}/bin'
build='x86_64-unknown-linux-gnu'
build_alias=''
build_cpu='x86_64'
build_os='linux-gnu'
build_vendor='unknown'
datadir='${datarootdir}'
datarootdir='${prefix}/share'
docdir='${datarootdir}/doc/${PACKAGE}'
dvidir='${docdir}'
exec_prefix='${prefix}'
host='x86_64-unknown-linux-gnu'
host_alias=''
host_cpu='x86_64'
host_os='linux-gnu'
host_vendor='unknown'
htmldir='${docdir}'
includedir='${prefix}/include'
infodir='${datarootdir}/info'
install_sh='$(SHELL) /home/sevcsik/Munka/eyesight/install-sh'
libdir='${exec_prefix}/lib'
libexecdir='${exec_prefix}/libexec'
localedir='${datarootdir}/locale'
localstatedir='${prefix}/var'
mandir='${datarootdir}/man'
mkdir_p='/bin/mkdir -p'
oldincludedir='/usr/include'
pdfdir='${docdir}'
prefix='/usr/local'
program_transform_name='s,x,x,'
psdir='${docdir}'
sbindir='${exec_prefix}/sbin'
sharedstatedir='${prefix}/com'
sysconfdir='${prefix}/etc'
target_alias=''

## ----------- ##
## confdefs.h. ##
## ----------- ##

#define PACKAGE_NAME ""
#define PACKAGE_TARNAME ""
#define PACKAGE_VERSION ""
#define PACKAGE_STRING ""
#define PACKAGE_BUGREPORT ""
#define PACKAGE "eyesight"
#define VERSION "0.0.1.001"
#define STDC_HEADERS 1
#define HAVE_SYS_TYPES_H 1
#define HAVE_SYS_STAT_H 1
#define HAVE_STDLIB_H 1
#define HAVE_STRING_H 1
#define HAVE_MEMORY_H 1
#define HAVE_STRINGS_H 1
#define HAVE_INTTYPES_H 1
#define HAVE_STDINT_H 1
#define HAVE_UNISTD_H 1
#define STDC_HEADERS 1
#define HAVE_DLFCN_H 1

configure: exit 0

## ---------------------- ##
## Running config.status. ##
## ---------------------- ##

This file was extended by config.status, which was
generated by GNU Autoconf 2.61.  Invocation command line was

  CONFIG_FILES    = 
  CONFIG_HEADERS  = 
  CONFIG_LINKS    = 
  CONFIG_COMMANDS = 
  $ ./config.status config.h

on sevcsik-laptop

config.status:667: creating config.h
config.status:895: config.h is unchanged
