-- add new records to the top --

'08.05.31 Dzmitry Mazouka

  deleted:

  \libs\evas\src\lib\file\evas_module.c.txt

  updated:

  \libs\edje\src\lib\edje_edit.c.txt
  \libs\evas\src\lib\include\evas_common.h.txt


'08.05.30 Vincent Torri

  deleted:

  \libs\edje\src\lib\edje.h.txt
  \libs\edje\src\lib\edje_edit.h.txt
  \libs\edje\src\lib\edje_private.h.txt

  updated:

  \libs\evas\src\lib\include\evas_common.h.txt
  \libs\embryo\src\lib\embryo_private.c.txt
  \libs\edje\src\lib\edje_edit.c.txt

'08.05.30 Dzmitry Mazouka

  added:

  \proto\evil\src\lib\dlfcn\dlfcn.h.txt

  updated:

  \libs\evas\src\lib\file\evas_module.c.txt
                     include\evas_common.h.txt


'08.05.29 Dzmitry Mazouka

  history.log started, added files:

  \apps\expedite\src\bin\main.h.txt

  \libs\ecore\src\lib\ecore\ecore_main.c.txt 
                            ecore_path.c.txt 
                            ecore_plugin.c.txt 
                            ecore_private.h.txt 
                            ecore_time.c.txt 
                     \ecore_evas\ecore_evas_win32.c.txt 
                                 todo_for_me.txt 
                     \ecore_file\ecore_file.c.txt 
                                 ecore_file_download.c.txt 
                                 ecore_file_private.h.txt 
                     \ecore_txt\ecore_txt.c.txt 
                     \ecore_win32\ecore_win32.c.txt 
                                  ecore_win32_event.c.txt 
                                  ecore_win32_glew.c.txt 
                                  ecore_win32_window.c.txt 
       \edje\src\lib\edje.h.txt 
                     edje_edit.c.txt 
                     edje_edit.h.txt 
                     edje_private.h.txt 
       \efreet\src\lib\efreet.c.txt 
                       efreet.h.txt 
                       efreet_base.c.txt 
                       efreet_base.h.txt 
                       efreet_desktop.c.txt 
                       efreet_icon.c.txt 
                       efreet_ini.c.txt 
                       efreet_menu.c.txt 
                       efreet_private.h.txt 
                       efreet_utils.c.txt 
       \embryo\src\lib\embryo.h.txt 
                       embryo_private.h.txt 
       \evas\src\lib\file\evas_module.c.txt 
                          evas_path.c.txt 
                    \include\evas_common.h.txt 
                             evas_common_soft16.h.txt 
                             evas_mmx.h.txt 
                \modules\engines\direct3d\evas_outbuf.c.txt 
                                \software_ddraw\evas_outbuf.c.txt 
  
  \proto\evil\src\lib\evil.c.txt 
                      evil.h.txt 